<?xml version="1.0" encoding="UTF-8" ?>
<testsuite tests="2" failures="0" name="TestSuite" time="145.64" errors="0" skipped="0">
  <properties>
    <property name="java.vendor" value="Oracle Corporation"/>
    <property name="JOB_NAME" value="FacebookAutomationTest"/>
    <property name="PWD" value="/Users/stevangomes/Documents/StevanOffice/Jar_Files"/>
    <property name="sun.java.launcher" value="SUN_STANDARD"/>
    <property name="sun.management.compiler" value="HotSpot 64-Bit Tiered Compilers"/>
    <property name="JENKINS_HOME" value="/Users/stevangomes/.jenkins"/>
    <property name="PATH" value="/Library/Java/JavaVirtualMachines/jdk1.8.0_60.jdk/Contents/Home/bin:/usr/local/mysql/bin:/usr/local/bin:/usr/bin:/bin:/usr/sbin:/sbin:/Users/stevangomes/Documents/Development-Tools/android-sdk-macosx/platform-tools:/Users/stevangomes/Documents/Development-Tools/android-sdk-macosx/tools:/Users/stevangomes/Documents/Development-Tools/android-sdk-macosx/build-tools:/Users/stevangomes/Documents/StevanOffice/Jar_Files/apache-ant-1.9.7/bin:/Users/stevangomes/Documents/StevanOffice/Jar_Files/apache-maven-3.3.9/bin:/Users/stevangomes/Documents/StevanOffice/Jar_Files/apache-jmeter-3.0/bin"/>
    <property name="HUDSON_SERVER_COOKIE" value="d5f4a19d66d3ea2e"/>
    <property name="POM_ARTIFACTID" value="ForresterIOSUIAutomation"/>
    <property name="os.name" value="Mac OS X"/>
    <property name="TERM_PROGRAM" value="Apple_Terminal"/>
    <property name="sun.boot.class.path" value="/Library/Java/JavaVirtualMachines/jdk1.8.0_60.jdk/Contents/Home/jre/lib/resources.jar:/Library/Java/JavaVirtualMachines/jdk1.8.0_60.jdk/Contents/Home/jre/lib/rt.jar:/Library/Java/JavaVirtualMachines/jdk1.8.0_60.jdk/Contents/Home/jre/lib/sunrsasign.jar:/Library/Java/JavaVirtualMachines/jdk1.8.0_60.jdk/Contents/Home/jre/lib/jsse.jar:/Library/Java/JavaVirtualMachines/jdk1.8.0_60.jdk/Contents/Home/jre/lib/jce.jar:/Library/Java/JavaVirtualMachines/jdk1.8.0_60.jdk/Contents/Home/jre/lib/charsets.jar:/Library/Java/JavaVirtualMachines/jdk1.8.0_60.jdk/Contents/Home/jre/lib/jfr.jar:/Library/Java/JavaVirtualMachines/jdk1.8.0_60.jdk/Contents/Home/jre/classes"/>
    <property name="EXECUTOR_NUMBER" value="1"/>
    <property name="TERM_SESSION_ID" value="7FFFE59A-1C5B-49B1-9C91-F0415AAE23C9"/>
    <property name="java.vm.specification.vendor" value="Oracle Corporation"/>
    <property name="POM_DISPLAYNAME" value="ForresterIOSUIAutomation"/>
    <property name="NODE_LABELS" value="master"/>
    <property name="java.runtime.version" value="1.8.0_60-b27"/>
    <property name="ANT_HOME" value="/Users/stevangomes/Documents/StevanOffice/Jar_Files/apache-ant-1.9.7"/>
    <property name="NODE" value="/usr/local/bin:/usr/bin:/bin:/usr/sbin:/sbin:/Users/stevangomes/Documents/Development-Tools/android-sdk-macosx/platform-tools:/Users/stevangomes/Documents/Development-Tools/android-sdk-macosx/tools:/Users/stevangomes/Documents/Development-Tools/android-sdk-macosx/build-tools:/usr/local/bin"/>
    <property name="user.name" value="stevangomes"/>
    <property name="guice.disable.misplaced.annotation.check" value="true"/>
    <property name="user.language" value="en"/>
    <property name="JOB_BASE_NAME" value="FacebookAutomationTest"/>
    <property name="BUILD_DISPLAY_NAME" value="#2"/>
    <property name="TMPDIR" value="/var/folders/fz/txbyqp7x23scx0k5w3xy90pm0000gn/T/"/>
    <property name="sun.boot.library.path" value="/Library/Java/JavaVirtualMachines/jdk1.8.0_60.jdk/Contents/Home/jre/lib"/>
    <property name="java.version" value="1.8.0_60"/>
    <property name="XPC_FLAGS" value="0x0"/>
    <property name="user.timezone" value="Asia/Kolkata"/>
    <property name="sun.arch.data.model" value="64"/>
    <property name="NODE_NAME" value="master"/>
    <property name="TERM" value="xterm-256color"/>
    <property name="java.endorsed.dirs" value="/Library/Java/JavaVirtualMachines/jdk1.8.0_60.jdk/Contents/Home/jre/lib/endorsed"/>
    <property name="BUILD_ID" value="2"/>
    <property name="sun.cpu.isalist" value=""/>
    <property name="sun.jnu.encoding" value="UTF-8"/>
    <property name="file.encoding.pkg" value="sun.io"/>
    <property name="SHELL" value="/bin/bash"/>
    <property name="file.separator" value="/"/>
    <property name="java.specification.name" value="Java Platform API Specification"/>
    <property name="java.class.version" value="52.0"/>
    <property name="MVN_HOME" value="/Users/stevangomes/Documents/StevanOffice/Jar_Files/apache-maven-3.3.9"/>
    <property name="org.slf4j.simpleLogger.defaultLogLevel" value="info"/>
    <property name="user.country" value="US"/>
    <property name="java.home" value="/Library/Java/JavaVirtualMachines/jdk1.8.0_60.jdk/Contents/Home/jre"/>
    <property name="java.vm.info" value="mixed mode"/>
    <property name="ANDROID_AVD_HOME" value="/Users/stevangomes/.android/avd"/>
    <property name="os.version" value="10.12.2"/>
    <property name="POM_VERSION" value="1.0-SNAPSHOT"/>
    <property name="sun.font.fontmanager" value="sun.font.CFontManager"/>
    <property name="path.separator" value=":"/>
    <property name="java.vm.version" value="25.60-b23"/>
    <property name="SHLVL" value="1"/>
    <property name="_" value="/usr/bin/java"/>
    <property name="java.awt.printerjob" value="sun.lwawt.macosx.CPrinterJob"/>
    <property name="JAVA_HOME" value="/Library/Java/JavaVirtualMachines/jdk1.8.0_60.jdk/Contents/Home"/>
    <property name="sun.io.unicode.encoding" value="UnicodeBig"/>
    <property name="awt.toolkit" value="sun.lwawt.macosx.LWCToolkit"/>
    <property name="LOGNAME" value="stevangomes"/>
    <property name="POM_PACKAGING" value="jar"/>
    <property name="HOME" value="/Users/stevangomes"/>
    <property name="POM_GROUPID" value="ForresterIOSUIAutomation"/>
    <property name="user.home" value="/Users/stevangomes"/>
    <property name="BUILD_TAG" value="jenkins-FacebookAutomationTest-2"/>
    <property name="JENKINS_SERVER_COOKIE" value="d5f4a19d66d3ea2e"/>
    <property name="HUDSON_URL" value="http://localhost:8080/"/>
    <property name="XPC_SERVICE_NAME" value="0"/>
    <property name="java.specification.vendor" value="Oracle Corporation"/>
    <property name="CLASSPATH" value=""/>
    <property name="java.vendor.url" value="http://java.oracle.com/"/>
    <property name="java.library.path" value="/Users/stevangomes/Library/Java/Extensions:/Library/Java/Extensions:/Network/Library/Java/Extensions:/System/Library/Java/Extensions:/usr/lib/java:."/>
    <property name="Apple_PubSub_Socket_Render" value="/private/tmp/com.apple.launchd.HOjpxhb5bn/Render"/>
    <property name="gopherProxySet" value="false"/>
    <property name="java.vm.vendor" value="Oracle Corporation"/>
    <property name="JMETER_HOME" value="/Users/stevangomes/Documents/StevanOffice/Jar_Files/apache-jmeter-3.0"/>
    <property name="java.runtime.name" value="Java(TM) SE Runtime Environment"/>
    <property name="maven.home" value="/Users/stevangomes/Documents/StevanOffice/Jar_Files/apache-maven-3.3.9"/>
    <property name="java.class.path" value="/Users/stevangomes/.jenkins/plugins/maven-plugin/WEB-INF/lib/maven32-agent-1.7.jar:/Users/stevangomes/Documents/StevanOffice/Jar_Files/apache-maven-3.3.9/boot/plexus-classworlds-2.5.2.jar:/Users/stevangomes/Documents/StevanOffice/Jar_Files/apache-maven-3.3.9/conf/logging"/>
    <property name="sun.java.command" value="jenkins.maven3.agent.Maven32Main /Users/stevangomes/Documents/StevanOffice/Jar_Files/apache-maven-3.3.9 /Users/stevangomes/.jenkins/war/WEB-INF/lib/remoting-2.62.jar /Users/stevangomes/.jenkins/plugins/maven-plugin/WEB-INF/lib/maven32-interceptor-1.7.jar /Users/stevangomes/.jenkins/plugins/maven-plugin/WEB-INF/lib/maven3-interceptor-commons-1.7.jar 53408"/>
    <property name="java.vm.specification.name" value="Java Virtual Machine Specification"/>
    <property name="PATH+JDK" value="/Library/Java/JavaVirtualMachines/jdk1.8.0_60.jdk/Contents/Home/bin"/>
    <property name="java.vm.specification.version" value="1.8"/>
    <property name="sun.os.patch.level" value="unknown"/>
    <property name="sun.cpu.endian" value="little"/>
    <property name="M2_HOME" value="/Users/stevangomes/Documents/StevanOffice/Jar_Files/apache-maven-3.3.9"/>
    <property name="java.io.tmpdir" value="/var/folders/fz/txbyqp7x23scx0k5w3xy90pm0000gn/T/"/>
    <property name="HUDSON_HOME" value="/Users/stevangomes/.jenkins"/>
    <property name="PATH+MAVEN" value="/Users/stevangomes/Documents/StevanOffice/Jar_Files/apache-maven-3.3.9/bin"/>
    <property name="BUILD_URL" value="http://localhost:8080/job/FacebookAutomationTest/2/"/>
    <property name="java.vendor.url.bug" value="http://bugreport.sun.com/bugreport/"/>
    <property name="OLDPWD" value="/Users/stevangomes"/>
    <property name="SSH_AUTH_SOCK" value="/private/tmp/com.apple.launchd.vXml5s7FkK/Listeners"/>
    <property name="java.awt.graphicsenv" value="sun.awt.CGraphicsEnvironment"/>
    <property name="os.arch" value="x86_64"/>
    <property name="JAVA_MAIN_CLASS_26289" value="Main"/>
    <property name="java.ext.dirs" value="/Users/stevangomes/Library/Java/Extensions:/Library/Java/JavaVirtualMachines/jdk1.8.0_60.jdk/Contents/Home/jre/lib/ext:/Library/Java/Extensions:/Network/Library/Java/Extensions:/System/Library/Java/Extensions:/usr/lib/java"/>
    <property name="__CF_USER_TEXT_ENCODING" value="0x1F5:0x0:0x0"/>
    <property name="user.dir" value="/Users/stevangomes/Documents/javapractice-workspace/WebUIAutomation"/>
    <property name="JOB_URL" value="http://localhost:8080/job/FacebookAutomationTest/"/>
    <property name="line.separator" value="
"/>
    <property name="MAVEN_HOME" value="/Users/stevangomes/Documents/StevanOffice/Jar_Files/apache-maven-3.3.9"/>
    <property name="java.vm.name" value="Java HotSpot(TM) 64-Bit Server VM"/>
    <property name="BUILD_NUMBER" value="2"/>
    <property name="ANDROID_HOME" value="/Users/stevangomes/Documents/Development-Tools/android-sdk-macosx"/>
    <property name="JENKINS_URL" value="http://localhost:8080/"/>
    <property name="TERM_PROGRAM_VERSION" value="388"/>
    <property name="file.encoding" value="UTF-8"/>
    <property name="LANG" value="en_US.UTF-8"/>
    <property name="maven3.interceptor" value="/Users/stevangomes/.jenkins/plugins/maven-plugin/WEB-INF/lib/maven32-interceptor-1.7.jar"/>
    <property name="WORKSPACE" value="/Users/stevangomes/.jenkins/jobs/FacebookAutomationTest/workspace"/>
    <property name="maven3.interceptor.common" value="/Users/stevangomes/.jenkins/plugins/maven-plugin/WEB-INF/lib/maven3-interceptor-commons-1.7.jar"/>
    <property name="java.specification.version" value="1.8"/>
    <property name="USER" value="stevangomes"/>
  </properties>
  <testcase classname="com.facebook.testCases.LoginTest" name="FacebookLogin" time="73.752"/>
  <testcase classname="com.facebook.testCases.LoginTest" name="FacebookLogin" time="71.888"/>
</testsuite>