<?xml version="1.0" encoding="UTF-8"?>
<!-- Generated by org.testng.reporters.JUnitReportReporter -->
<testsuite hostname="PUNsgomes0MFVH7.local" name="com.facebook.testCases.LoginTest" tests="2" failures="0" timestamp="24 Jan 2017 11:34:45 GMT" time="104.493" errors="0">
  <testcase name="FacebookLogin" time="66.485" classname="com.facebook.testCases.LoginTest"/>
  <testcase name="FacebookLogin" time="38.008" classname="com.facebook.testCases.LoginTest"/>
</testsuite> <!-- com.facebook.testCases.LoginTest -->
