<?xml version="1.0" encoding="UTF-8"?>
<!-- Generated by org.testng.reporters.JUnitReportReporter -->
<testsuite hostname="PUNsgomes0MFVH7.local" name="com.facebook.testCases.Logouttest" tests="1" failures="0" timestamp="24 Jan 2017 11:34:45 GMT" time="45.528" errors="0">
  <testcase name="logouttest" time="45.528" classname="com.facebook.testCases.Logouttest"/>
</testsuite> <!-- com.facebook.testCases.Logouttest -->
