<?xml version="1.0" encoding="UTF-8"?>
<!-- Generated by org.testng.reporters.JUnitReportReporter -->
<testsuite hostname="PUNsgomes0MFVH7.local" name="com.forrester.testCases.Login" tests="2" failures="0" timestamp="14 Jan 2017 07:17:47 GMT" time="81.931" errors="0">
  <testcase name="FacebookLogin" time="28.062" classname="com.forrester.testCases.Login"/>
  <testcase name="FacebookLogin" time="53.869" classname="com.forrester.testCases.Login"/>
</testsuite> <!-- com.forrester.testCases.Login -->
