<?xml version="1.0" encoding="UTF-8"?>
<!-- Generated by org.testng.reporters.JUnitReportReporter -->
<testsuite hostname="PUNsgomes0MFVH7.local" name="com.facebook.testCases.Login" tests="2" failures="0" timestamp="22 Jan 2017 14:59:57 GMT" time="149.575" errors="0">
  <testcase name="FacebookLogin" time="62.225" classname="com.facebook.testCases.Login"/>
  <testcase name="FacebookLogin" time="87.350" classname="com.facebook.testCases.Login"/>
</testsuite> <!-- com.facebook.testCases.Login -->
