<?xml version="1.0" encoding="UTF-8"?>
<!-- Generated by org.testng.reporters.JUnitReportReporter -->
<testsuite hostname="PUNsgomes0MFVH7.local" name="com.forrester.testCases.Navigate" tests="1" failures="0" timestamp="13 Jan 2017 13:07:34 GMT" time="40.105" errors="0">
  <testcase name="navigateaction" time="40.105" classname="com.forrester.testCases.Navigate"/>
</testsuite> <!-- com.forrester.testCases.Navigate -->
