<?xml version="1.0" encoding="UTF-8"?>
<!-- Generated by org.testng.reporters.JUnitReportReporter -->
<testsuite hostname="PUNsgomes0MFVH7.local" name="com.facebook.testCases.LoginTest" tests="2" failures="0" timestamp="24 Jan 2017 10:33:53 GMT" time="142.791" errors="0">
  <testcase name="FacebookLogin" time="71.072" classname="com.facebook.testCases.LoginTest"/>
  <testcase name="FacebookLogin" time="71.719" classname="com.facebook.testCases.LoginTest"/>
</testsuite> <!-- com.facebook.testCases.LoginTest -->
